Flutter crash report.
Please report a bug at https://github.com/flutter/flutter/issues.

## command

flutter pub get

## exception

FileSystemException: FileSystemException: Deletion failed, path = 'C:\Users\dvega\Documents\Desarrollos\Flutter\MICRO APPS\tests\prueba\app2\.android' (OS Error: El proceso no tiene acceso al archivo porque está siendo utilizado por otro proceso.
, errno = 32)

```
#0      _Directory._deleteSync (dart:io/directory_impl.dart:193:7)
#1      FileSystemEntity.deleteSync (dart:io/file_system_entity.dart:424:7)
#2      ForwardingFileSystemEntity.deleteSync (package:file/src/forwarding/forwarding_file_system_entity.dart:70:16)
#3      ErrorHandlingDirectory.deleteSync.<anonymous closure> (package:flutter_tools/src/base/error_handling_io.dart:487:22)
#4      _runSync (package:flutter_tools/src/base/error_handling_io.dart:600:14)
#5      ErrorHandlingDirectory.deleteSync (package:flutter_tools/src/base/error_handling_io.dart:486:12)
#6      ErrorHandlingFileSystem.deleteIfExists (package:flutter_tools/src/base/error_handling_io.dart:82:12)
#7      AndroidProject._regenerateLibrary (package:flutter_tools/src/project.dart:556:29)
#8      AndroidProject.ensureReadyForPlatformSpecificTooling (package:flutter_tools/src/project.dart:531:13)
#9      FlutterProject.ensureReadyForPlatformSpecificTooling (package:flutter_tools/src/project.dart:359:21)
<asynchronous suspension>
#10     PackagesGetCommand.runCommand (package:flutter_tools/src/commands/packages.dart:179:5)
<asynchronous suspension>
#11     FlutterCommand.run.<anonymous closure> (package:flutter_tools/src/runner/flutter_command.dart:1257:27)
<asynchronous suspension>
#12     AppContext.run.<anonymous closure> (package:flutter_tools/src/base/context.dart:150:19)
<asynchronous suspension>
#13     CommandRunner.runCommand (package:args/command_runner.dart:209:13)
<asynchronous suspension>
#14     FlutterCommandRunner.runCommand.<anonymous closure> (package:flutter_tools/src/runner/flutter_command_runner.dart:283:9)
<asynchronous suspension>
#15     AppContext.run.<anonymous closure> (package:flutter_tools/src/base/context.dart:150:19)
<asynchronous suspension>
#16     FlutterCommandRunner.runCommand (package:flutter_tools/src/runner/flutter_command_runner.dart:229:5)
<asynchronous suspension>
#17     run.<anonymous closure>.<anonymous closure> (package:flutter_tools/runner.dart:64:9)
<asynchronous suspension>
#18     AppContext.run.<anonymous closure> (package:flutter_tools/src/base/context.dart:150:19)
<asynchronous suspension>
#19     main (package:flutter_tools/executable.dart:91:3)
<asynchronous suspension>
```

## flutter doctor

```
[✓] Flutter (Channel stable, 3.7.0, on Microsoft Windows [Versi¢n 10.0.19045.3086], locale es-MX)
    • Flutter version 3.7.0 on channel stable at C:\flutter
    • Upstream repository https://github.com/flutter/flutter.git
    • Framework revision b06b8b2710 (6 months ago), 2023-01-23 16:55:55 -0800
    • Engine revision b24591ed32
    • Dart version 2.19.0
    • DevTools version 2.20.1

[✗] Windows Version (Unable to confirm if installed Windows version is 10 or greater)

[✓] Android toolchain - develop for Android devices (Android SDK version 33.0.2)
    • Android SDK at C:\Users\dvega\AppData\Local\Android\sdk
    • Platform android-33, build-tools 33.0.2
    • Java binary at: C:\Program Files\Java\jdk-11.0.15\bin\java
    • Java version Java(TM) SE Runtime Environment 18.9 (build 11.0.15+8-LTS-149)
    • All Android licenses accepted.

[✓] Chrome - develop for the web
    • Chrome at C:\Program Files\Google\Chrome\Application\chrome.exe

[✓] Visual Studio - develop for Windows (Visual Studio Community 2022 17.2.6)
    • Visual Studio at C:\Program Files\Microsoft Visual Studio\2022\Community
    • Visual Studio Community 2022 version 17.2.32630.192
    • Windows 10 SDK version 10.0.19041.0

[!] Android Studio (version 2022.2)
    • Android Studio at C:\Program Files\Android\Android Studio
    • Flutter plugin can be installed from:
      🔨 https://plugins.jetbrains.com/plugin/9212-flutter
    • Dart plugin can be installed from:
      🔨 https://plugins.jetbrains.com/plugin/6351-dart
    ✗ Unable to find bundled Java version.
    • Try updating or re-installing Android Studio.

[✓] IntelliJ IDEA Ultimate Edition (version 2022.1)
    • IntelliJ at C:\Program Files\JetBrains\IntelliJ IDEA 2022.1.4
    • Flutter plugin can be installed from:
      🔨 https://plugins.jetbrains.com/plugin/9212-flutter
    • Dart plugin can be installed from:
      🔨 https://plugins.jetbrains.com/plugin/6351-dart

[✓] VS Code (version 1.79.2)
    • VS Code at C:\Users\dvega\AppData\Local\Programs\Microsoft VS Code
    • Flutter extension version 3.66.0

[✓] Connected device (3 available)
    • Windows (desktop) • windows • windows-x64    • Microsoft Windows [Versi¢n 10.0.19045.3086]
    • Chrome (web)      • chrome  • web-javascript • Google Chrome 114.0.5735.199
    • Edge (web)        • edge    • web-javascript • Microsoft Edge 114.0.1823.58

[✓] HTTP Host Availability
    • All required HTTP hosts are available

! Doctor found issues in 2 categories.
```
